<?xml version="1.0" encoding="UTF-8"?>
<coverage generated="1621208040899" clover="3.2.0">
  <project timestamp="1621208040899" name="All files">
    <metrics statements="33" coveredstatements="33" conditionals="16" coveredconditionals="15" methods="8" coveredmethods="8" elements="57" coveredelements="56" complexity="0" loc="33" ncloc="33" packages="1" files="1" classes="1"/>
    <file name="LinkedList.js" path="E:\Code\JavaScript\data-structures\linked-lists\LinkedList.js">
      <metrics statements="33" coveredstatements="33" conditionals="16" coveredconditionals="15" methods="8" coveredmethods="8"/>
      <line num="1" count="1" type="stmt"/>
      <line num="2" count="38" type="stmt"/>
      <line num="8" count="1" type="stmt"/>
      <line num="9" count="14" type="stmt"/>
      <line num="13" count="37" type="stmt"/>
      <line num="14" count="37" type="stmt"/>
      <line num="15" count="37" type="stmt"/>
      <line num="18" count="11" type="cond" truecount="4" falsecount="0"/>
      <line num="20" count="7" type="stmt"/>
      <line num="21" count="7" type="stmt"/>
      <line num="22" count="10" type="stmt"/>
      <line num="24" count="7" type="stmt"/>
      <line num="27" count="4" type="cond" truecount="2" falsecount="0"/>
      <line num="29" count="3" type="stmt"/>
      <line num="30" count="3" type="cond" truecount="2" falsecount="0"/>
      <line num="31" count="1" type="stmt"/>
      <line num="32" count="1" type="stmt"/>
      <line num="35" count="4" type="cond" truecount="2" falsecount="0"/>
      <line num="36" count="3" type="cond" truecount="4" falsecount="0"/>
      <line num="38" count="1" type="stmt"/>
      <line num="39" count="1" type="stmt"/>
      <line num="40" count="1" type="stmt"/>
      <line num="41" count="1" type="stmt"/>
      <line num="44" count="2" type="cond" truecount="1" falsecount="1"/>
      <line num="45" count="2" type="stmt"/>
      <line num="46" count="2" type="stmt"/>
      <line num="47" count="2" type="stmt"/>
      <line num="52" count="1" type="stmt"/>
      <line num="53" count="13" type="stmt"/>
      <line num="54" count="13" type="stmt"/>
      <line num="55" count="34" type="stmt"/>
      <line num="57" count="13" type="stmt"/>
      <line num="60" count="1" type="stmt"/>
    </file>
  </project>
</coverage>
