{"E:\\Code\\JavaScript\\data-structures\\linked-lists\\LinkedList.js": {"path":"E:\\Code\\JavaScript\\data-structures\\linked-lists\\LinkedList.js","statementMap":{"0":{"start":{"line":1,"column":23},"end":{"line":6,"column":1}},"1":{"start":{"line":2,"column":2},"end":{"line":5,"column":3}},"2":{"start":{"line":8,"column":19},"end":{"line":50,"column":1}},"3":{"start":{"line":9,"column":2},"end":{"line":49,"column":3}},"4":{"start":{"line":13,"column":19},"end":{"line":13,"column":51}},"5":{"start":{"line":14,"column":6},"end":{"line":14,"column":22}},"6":{"start":{"line":15,"column":6},"end":{"line":15,"column":19}},"7":{"start":{"line":18,"column":6},"end":{"line":18,"column":56}},"8":{"start":{"line":18,"column":45},"end":{"line":18,"column":56}},"9":{"start":{"line":20,"column":20},"end":{"line":20,"column":29}},"10":{"start":{"line":21,"column":6},"end":{"line":23,"column":7}},"11":{"start":{"line":21,"column":19},"end":{"line":21,"column":20}},"12":{"start":{"line":22,"column":8},"end":{"line":22,"column":30}},"13":{"start":{"line":24,"column":6},"end":{"line":24,"column":20}},"14":{"start":{"line":27,"column":6},"end":{"line":27,"column":54}},"15":{"start":{"line":27,"column":23},"end":{"line":27,"column":54}},"16":{"start":{"line":29,"column":23},"end":{"line":29,"column":49}},"17":{"start":{"line":30,"column":6},"end":{"line":30,"column":40}},"18":{"start":{"line":30,"column":29},"end":{"line":30,"column":40}},"19":{"start":{"line":31,"column":6},"end":{"line":31,"column":58}},"20":{"start":{"line":32,"column":6},"end":{"line":32,"column":19}},"21":{"start":{"line":35,"column":6},"end":{"line":35,"column":47}},"22":{"start":{"line":35,"column":23},"end":{"line":35,"column":47}},"23":{"start":{"line":36,"column":6},"end":{"line":36,"column":59}},"24":{"start":{"line":36,"column":48},"end":{"line":36,"column":59}},"25":{"start":{"line":38,"column":25},"end":{"line":38,"column":51}},"26":{"start":{"line":39,"column":24},"end":{"line":39,"column":50}},"27":{"start":{"line":40,"column":6},"end":{"line":40,"column":33}},"28":{"start":{"line":41,"column":6},"end":{"line":41,"column":19}},"29":{"start":{"line":44,"column":6},"end":{"line":44,"column":41}},"30":{"start":{"line":44,"column":30},"end":{"line":44,"column":41}},"31":{"start":{"line":45,"column":19},"end":{"line":45,"column":33}},"32":{"start":{"line":46,"column":6},"end":{"line":46,"column":22}},"33":{"start":{"line":47,"column":6},"end":{"line":47,"column":19}},"34":{"start":{"line":52,"column":0},"end":{"line":58,"column":1}},"35":{"start":{"line":53,"column":15},"end":{"line":53,"column":27}},"36":{"start":{"line":54,"column":2},"end":{"line":56,"column":3}},"37":{"start":{"line":54,"column":15},"end":{"line":54,"column":32}},"38":{"start":{"line":55,"column":4},"end":{"line":55,"column":32}},"39":{"start":{"line":57,"column":2},"end":{"line":57,"column":13}},"40":{"start":{"line":60,"column":0},"end":{"line":60,"column":27}}},"fnMap":{"0":{"name":"(anonymous_0)","decl":{"start":{"line":1,"column":23},"end":{"line":1,"column":24}},"loc":{"start":{"line":1,"column":40},"end":{"line":6,"column":1}},"line":1},"1":{"name":"(anonymous_1)","decl":{"start":{"line":8,"column":19},"end":{"line":8,"column":20}},"loc":{"start":{"line":8,"column":25},"end":{"line":50,"column":1}},"line":8},"2":{"name":"(anonymous_2)","decl":{"start":{"line":12,"column":18},"end":{"line":12,"column":19}},"loc":{"start":{"line":12,"column":34},"end":{"line":16,"column":5}},"line":12},"3":{"name":"(anonymous_3)","decl":{"start":{"line":17,"column":16},"end":{"line":17,"column":17}},"loc":{"start":{"line":17,"column":32},"end":{"line":25,"column":5}},"line":17},"4":{"name":"(anonymous_4)","decl":{"start":{"line":26,"column":19},"end":{"line":26,"column":20}},"loc":{"start":{"line":26,"column":42},"end":{"line":33,"column":5}},"line":26},"5":{"name":"(anonymous_5)","decl":{"start":{"line":34,"column":19},"end":{"line":34,"column":20}},"loc":{"start":{"line":34,"column":35},"end":{"line":42,"column":5}},"line":34},"6":{"name":"(anonymous_6)","decl":{"start":{"line":43,"column":16},"end":{"line":43,"column":17}},"loc":{"start":{"line":43,"column":27},"end":{"line":48,"column":5}},"line":43},"7":{"name":"(anonymous_7)","decl":{"start":{"line":52,"column":24},"end":{"line":52,"column":25}},"loc":{"start":{"line":52,"column":39},"end":{"line":58,"column":1}},"line":52}},"branchMap":{"0":{"loc":{"start":{"line":18,"column":6},"end":{"line":18,"column":56}},"type":"if","locations":[{"start":{"line":18,"column":6},"end":{"line":18,"column":56}},{"start":{"line":18,"column":6},"end":{"line":18,"column":56}}],"line":18},"1":{"loc":{"start":{"line":18,"column":10},"end":{"line":18,"column":43}},"type":"binary-expr","locations":[{"start":{"line":18,"column":10},"end":{"line":18,"column":19}},{"start":{"line":18,"column":23},"end":{"line":18,"column":43}}],"line":18},"2":{"loc":{"start":{"line":27,"column":6},"end":{"line":27,"column":54}},"type":"if","locations":[{"start":{"line":27,"column":6},"end":{"line":27,"column":54}},{"start":{"line":27,"column":6},"end":{"line":27,"column":54}}],"line":27},"3":{"loc":{"start":{"line":30,"column":6},"end":{"line":30,"column":40}},"type":"if","locations":[{"start":{"line":30,"column":6},"end":{"line":30,"column":40}},{"start":{"line":30,"column":6},"end":{"line":30,"column":40}}],"line":30},"4":{"loc":{"start":{"line":35,"column":6},"end":{"line":35,"column":47}},"type":"if","locations":[{"start":{"line":35,"column":6},"end":{"line":35,"column":47}},{"start":{"line":35,"column":6},"end":{"line":35,"column":47}}],"line":35},"5":{"loc":{"start":{"line":36,"column":6},"end":{"line":36,"column":59}},"type":"if","locations":[{"start":{"line":36,"column":6},"end":{"line":36,"column":59}},{"start":{"line":36,"column":6},"end":{"line":36,"column":59}}],"line":36},"6":{"loc":{"start":{"line":36,"column":10},"end":{"line":36,"column":46}},"type":"binary-expr","locations":[{"start":{"line":36,"column":10},"end":{"line":36,"column":33}},{"start":{"line":36,"column":37},"end":{"line":36,"column":46}}],"line":36},"7":{"loc":{"start":{"line":44,"column":6},"end":{"line":44,"column":41}},"type":"if","locations":[{"start":{"line":44,"column":6},"end":{"line":44,"column":41}},{"start":{"line":44,"column":6},"end":{"line":44,"column":41}}],"line":44}},"s":{"0":1,"1":38,"2":1,"3":14,"4":37,"5":37,"6":37,"7":11,"8":4,"9":7,"10":7,"11":7,"12":10,"13":7,"14":4,"15":1,"16":3,"17":3,"18":2,"19":1,"20":1,"21":4,"22":1,"23":3,"24":2,"25":1,"26":1,"27":1,"28":1,"29":2,"30":0,"31":2,"32":2,"33":2,"34":1,"35":13,"36":13,"37":13,"38":34,"39":13,"40":1},"f":{"0":38,"1":14,"2":37,"3":11,"4":4,"5":4,"6":2,"7":13},"b":{"0":[4,7],"1":[11,9],"2":[1,3],"3":[2,1],"4":[1,3],"5":[2,1],"6":[3,3],"7":[0,2]},"_coverageSchema":"1a1c01bbd47fc00a2c39e90264f33305004495a9","hash":"fb3a79aed6a4f0c1957ce61fed3e2808f3088d9d"}
}
