TN:
SF:LinkedList.js
FN:1,(anonymous_0)
FN:8,(anonymous_1)
FN:12,(anonymous_2)
FN:17,(anonymous_3)
FN:26,(anonymous_4)
FN:34,(anonymous_5)
FN:43,(anonymous_6)
FN:52,(anonymous_7)
FNF:8
FNH:8
FNDA:38,(anonymous_0)
FNDA:14,(anonymous_1)
FNDA:37,(anonymous_2)
FNDA:11,(anonymous_3)
FNDA:4,(anonymous_4)
FNDA:4,(anonymous_5)
FNDA:2,(anonymous_6)
FNDA:13,(anonymous_7)
DA:1,1
DA:2,38
DA:8,1
DA:9,14
DA:13,37
DA:14,37
DA:15,37
DA:18,11
DA:20,7
DA:21,7
DA:22,10
DA:24,7
DA:27,4
DA:29,3
DA:30,3
DA:31,1
DA:32,1
DA:35,4
DA:36,3
DA:38,1
DA:39,1
DA:40,1
DA:41,1
DA:44,2
DA:45,2
DA:46,2
DA:47,2
DA:52,1
DA:53,13
DA:54,13
DA:55,34
DA:57,13
DA:60,1
LF:33
LH:33
BRDA:18,0,0,4
BRDA:18,0,1,7
BRDA:18,1,0,11
BRDA:18,1,1,9
BRDA:27,2,0,1
BRDA:27,2,1,3
BRDA:30,3,0,2
BRDA:30,3,1,1
BRDA:35,4,0,1
BRDA:35,4,1,3
BRDA:36,5,0,2
BRDA:36,5,1,1
BRDA:36,6,0,3
BRDA:36,6,1,3
BRDA:44,7,0,0
BRDA:44,7,1,2
BRF:16
BRH:15
end_of_record
